<?xml version="1.0" encoding="UTF-8"?>
<testng-results ignored="0" total="1" passed="1" failed="0" skipped="0">
  <reporter-output>
  </reporter-output>
  <suite started-at="2024-01-18T09:55:40 IST" name="Default suite" finished-at="2024-01-18T09:55:43 IST" duration-ms="3257">
    <groups>
    </groups>
    <test started-at="2024-01-18T09:55:40 IST" name="Default test" finished-at="2024-01-18T09:55:43 IST" duration-ms="3257">
      <class name="Basic.TiraTest">
        <test-method signature="PerfumeTest()[pri:0, instance:Basic.TiraTest@188715b5]" started-at="2024-01-18T09:55:40 IST" name="PerfumeTest" finished-at="2024-01-18T09:55:43 IST" duration-ms="3232" status="PASS">
          <reporter-output>
          </reporter-output>
        </test-method> <!-- PerfumeTest -->
      </class> <!-- Basic.TiraTest -->
    </test> <!-- Default test -->
  </suite> <!-- Default suite -->
</testng-results>
